2025-07-06 10:08:34,466 - INFO - Starting summarization for image file
2025-07-06 10:08:36,255 - INFO - Loading summarization pipeline
2025-07-06 10:12:34,974 - ERROR - Tesseract not found: tesseract is not installed or it's not in your PATH. See README file for more information.
2025-07-08 08:00:21,240 - INFO - Starting summarization for file: report/Report.PNG
2025-07-08 08:03:51,897 - ERROR - Summarization failed for file report/Report.PNG: tesseract is not installed or it's not in your PATH. See README file for more information.
2025-07-08 08:18:40,885 - INFO - Starting summarization for file: report/Report.PNG
2025-07-08 08:18:40,886 - INFO - Loading summarization model: sshleifer/distilbart-cnn-12-6
2025-07-08 08:19:22,832 - ERROR - Error reading image file: tesseract is not installed or it's not in your PATH. See README file for more information.
2025-07-08 08:19:22,833 - WARNING - No text found in the provided file: report/Report.PNG
2025-07-08 08:26:06,344 - INFO - Starting summarization for file: report/Report.PNG
2025-07-08 08:26:06,345 - INFO - Loading summarization model: sshleifer/distilbart-cnn-12-6
2025-07-08 08:27:27,573 - ERROR - Error reading image file: tesseract is not installed or it's not in your PATH. See README file for more information.
2025-07-08 08:27:27,588 - WARNING - No text found in the provided file: report/Report.PNG
2025-07-08 08:32:16,372 - INFO - Starting summarization for file: report/Report.PNG
2025-07-08 08:33:16,232 - ERROR - Summarization failed for file report/Report.PNG: tesseract is not installed or it's not in your PATH. See README file for more information.
2025-07-08 09:24:40,014 - INFO - Starting summarization for file: report/Report.PNG
2025-07-08 09:24:40,022 - INFO - Loading summarization model: sshleifer/distilbart-cnn-12-6
2025-07-08 09:26:41,759 - INFO - Extracted text from image: 1270 characters
2025-07-08 09:27:10,527 - INFO - Summarization completed for file: report/Report.PNG
2025-07-08 21:03:21,895 - INFO - Summarizing report: report/Report.PNG
2025-07-08 21:03:21,896 - INFO - Loading summarization model: sshleifer/distilbart-cnn-12-6
2025-07-08 21:04:50,654 - INFO - Extracted text from image (1270 chars)
2025-07-08 21:05:16,585 - INFO - Summarization completed.
